g:\05_dev\flcalc\x64\release\vc143.pdb
g:\05_dev\flcalc\x64\release\imgui_widgets.obj
g:\05_dev\flcalc\x64\release\imgui_tables.obj
g:\05_dev\flcalc\x64\release\imgui_impl_opengl3.obj
g:\05_dev\flcalc\x64\release\imgui_impl_glfw.obj
g:\05_dev\flcalc\x64\release\imgui_draw.obj
g:\05_dev\flcalc\x64\release\imgui_demo.obj
g:\05_dev\flcalc\x64\release\imgui.obj
g:\05_dev\flcalc\x64\release\main.obj
c:\git\flcalc\x64\release\flcalculator.ipdb
c:\git\flcalc\x64\release\flcalculator.iobj
g:\05_dev\flcalc\x64\release\flcalculator.ipdb
g:\05_dev\flcalc\x64\release\flcalculator.iobj
g:\05_dev\flcalc\x64\release\flcalculator.exe
g:\05_dev\flcalc\x64\release\flcalculator.pdb
g:\05_dev\flcalc\x64\release\flcalculator.tlog\cl.command.1.tlog
g:\05_dev\flcalc\x64\release\flcalculator.tlog\cl.items.tlog
g:\05_dev\flcalc\x64\release\flcalculator.tlog\cl.read.1.tlog
g:\05_dev\flcalc\x64\release\flcalculator.tlog\cl.write.1.tlog
g:\05_dev\flcalc\x64\release\flcalculator.tlog\link.command.1.tlog
g:\05_dev\flcalc\x64\release\flcalculator.tlog\link.read.1.tlog
g:\05_dev\flcalc\x64\release\flcalculator.tlog\link.write.1.tlog
g:\05_dev\flcalc\x64\release\flcalculator.tlog\link.write.2u.tlog
